C:\Program Files (x86)\Microsoft Visual Studio\2019\Professional\MSBuild\Microsoft\VC\v160\Microsoft.CppBuild.targets(513,5): warning MSB8028: The intermediate directory (x64\Debug\) contains files shared from another project (MetinPythonLib.vcxproj).  This can lead to incorrect clean and rebuild behavior.
  Patterns.cpp
C:\Users\migue\Qsync\SideProjects\Metin\MetinCurrentProject\MetinPythonLibV2\common\utils.h(75,35): warning C4311: 'type cast': pointer truncation from 'void *' to 'DWORD'
C:\Users\migue\Qsync\SideProjects\Metin\MetinCurrentProject\MetinPythonLibV2\common\utils.h(75,35): warning C4302: 'type cast': truncation from 'void *' to 'DWORD'
C:\Users\migue\Qsync\SideProjects\Metin\MetinCurrentProject\MetinPythonLibV2\common\utils.h(76,36): warning C4312: 'type cast': conversion from 'DWORD' to 'DWORD *' of greater size
C:\Users\migue\Qsync\SideProjects\Metin\MetinCurrentProject\MetinPythonLibV2\common\utils.h(77,44): warning C4312: 'type cast': conversion from 'unsigned long' to 'void *' of greater size
C:\Users\migue\Qsync\SideProjects\Metin\MetinCurrentProject\MetinPythonLibV2\common\Patterns.cpp(24,43): warning C4312: 'type cast': conversion from 'DWORD' to 'LPCVOID' of greater size
C:\Users\migue\Qsync\SideProjects\Metin\MetinCurrentProject\MetinPythonLibV2\common\Patterns.cpp(24,13): warning C4244: 'initializing': conversion from 'SIZE_T' to 'int', possible loss of data
C:\Users\migue\Qsync\SideProjects\Metin\MetinCurrentProject\MetinPythonLibV2\common\Patterns.cpp(27,63): warning C4311: 'type cast': pointer truncation from 'PVOID' to 'DWORD'
C:\Users\migue\Qsync\SideProjects\Metin\MetinCurrentProject\MetinPythonLibV2\common\Patterns.cpp(27,63): warning C4302: 'type cast': truncation from 'PVOID' to 'DWORD'
C:\Users\migue\Qsync\SideProjects\Metin\MetinCurrentProject\MetinPythonLibV2\common\Patterns.cpp(27,89): warning C4311: 'type cast': pointer truncation from 'PVOID' to 'DWORD'
C:\Users\migue\Qsync\SideProjects\Metin\MetinCurrentProject\MetinPythonLibV2\common\Patterns.cpp(27,89): warning C4302: 'type cast': truncation from 'PVOID' to 'DWORD'
C:\Users\migue\Qsync\SideProjects\Metin\MetinCurrentProject\MetinPythonLibV2\common\Patterns.cpp(27,38): warning C4244: '=': conversion from 'SIZE_T' to 'DWORD', possible loss of data
C:\Users\migue\Qsync\SideProjects\Metin\MetinCurrentProject\MetinPythonLibV2\common\Patterns.cpp(41,2): warning C4477: 'printf' : format string '%x' requires an argument of type 'unsigned int', but variadic argument 1 has type 'LPVOID'
C:\Users\migue\Qsync\SideProjects\Metin\MetinCurrentProject\MetinPythonLibV2\common\Patterns.cpp(41,2): warning C4313: 'printf': '%x' in format string conflicts with argument 1 of type 'LPVOID'
C:\Users\migue\Qsync\SideProjects\Metin\MetinCurrentProject\MetinPythonLibV2\common\Patterns.cpp(59,47): warning C4311: 'type cast': pointer truncation from 'LPVOID' to 'DWORD'
C:\Users\migue\Qsync\SideProjects\Metin\MetinCurrentProject\MetinPythonLibV2\common\Patterns.cpp(59,47): warning C4302: 'type cast': truncation from 'LPVOID' to 'DWORD'
C:\Users\migue\Qsync\SideProjects\Metin\MetinCurrentProject\MetinPythonLibV2\common\Patterns.cpp(65,20): warning C4018: '<=': signed/unsigned mismatch
C:\Users\migue\Qsync\SideProjects\Metin\MetinCurrentProject\MetinPythonLibV2\common\Patterns.cpp(67,8): warning C4312: 'type cast': conversion from 'DWORD' to 'LPCVOID *' of greater size
C:\Users\migue\Qsync\SideProjects\Metin\MetinCurrentProject\MetinPythonLibV2\common\Patterns.cpp(73,41): warning C4244: '+=': conversion from 'SIZE_T' to 'int', possible loss of data
C:\Users\migue\Qsync\SideProjects\Metin\MetinCurrentProject\MetinPythonLibV2\common\Patterns.cpp(78,46): warning C4311: 'type cast': pointer truncation from 'PVOID' to 'DWORD'
C:\Users\migue\Qsync\SideProjects\Metin\MetinCurrentProject\MetinPythonLibV2\common\Patterns.cpp(78,46): warning C4302: 'type cast': truncation from 'PVOID' to 'DWORD'
C:\Users\migue\Qsync\SideProjects\Metin\MetinCurrentProject\MetinPythonLibV2\common\Patterns.cpp(79,31): warning C4244: '=': conversion from 'SIZE_T' to 'int', possible loss of data
C:\Users\migue\Qsync\SideProjects\Metin\MetinCurrentProject\MetinPythonLibV2\common\Patterns.cpp(88,34): warning C4018: '>': signed/unsigned mismatch
C:\Users\migue\Qsync\SideProjects\Metin\MetinCurrentProject\MetinPythonLibV2\common\Patterns.cpp(97,69): warning C4312: 'type cast': conversion from 'unsigned long' to 'char *' of greater size
C:\Users\migue\Qsync\SideProjects\Metin\MetinCurrentProject\MetinPythonLibV2\common\Patterns.cpp(114,60): warning C4312: 'type cast': conversion from 'DWORD' to 'DWORD *' of greater size
C:\Users\migue\Qsync\SideProjects\Metin\MetinCurrentProject\MetinPythonLibV2\common\Patterns.cpp(117,38): warning C4311: 'type cast': pointer truncation from 'DWORD *' to 'int'
C:\Users\migue\Qsync\SideProjects\Metin\MetinCurrentProject\MetinPythonLibV2\common\Patterns.cpp(117,38): warning C4302: 'type cast': truncation from 'DWORD *' to 'int'
C:\Users\migue\Qsync\SideProjects\Metin\MetinCurrentProject\MetinPythonLibV2\common\Patterns.cpp(117,52): warning C4312: 'type cast': conversion from 'int' to 'DWORD *' of greater size
C:\Users\migue\Qsync\SideProjects\Metin\MetinCurrentProject\MetinPythonLibV2\common\Patterns.cpp(118,3): warning C4477: 'printf' : format string '%#x' requires an argument of type 'unsigned int', but variadic argument 2 has type 'DWORD *'
C:\Users\migue\Qsync\SideProjects\Metin\MetinCurrentProject\MetinPythonLibV2\common\Patterns.cpp(118,3): warning C4313: 'printf': '%x' in format string conflicts with argument 2 of type 'DWORD *'
C:\Users\migue\Qsync\SideProjects\Metin\MetinCurrentProject\MetinPythonLibV2\common\Patterns.cpp(147,9): warning C4477: 'printf' : format string '%S' requires an argument of type 'wchar_t *', but variadic argument 1 has type 'TCHAR *'
C:\Users\migue\Qsync\SideProjects\Metin\MetinCurrentProject\MetinPythonLibV2\common\Patterns.cpp(147,9): message : consider using '%hS' in the format string
C:\Users\migue\Qsync\SideProjects\Metin\MetinCurrentProject\MetinPythonLibV2\common\Patterns.cpp(147,9): message : consider using '%TS' in the format string
C:\Users\migue\Qsync\SideProjects\Metin\MetinCurrentProject\MetinPythonLibV2\common\Patterns.cpp(157,69): warning C4311: 'type cast': pointer truncation from 'void *' to 'int'
C:\Users\migue\Qsync\SideProjects\Metin\MetinCurrentProject\MetinPythonLibV2\common\Patterns.cpp(157,69): warning C4302: 'type cast': truncation from 'void *' to 'int'
C:\Users\migue\Qsync\SideProjects\Metin\MetinCurrentProject\MetinPythonLibV2\common\Patterns.cpp(157,87): warning C4312: 'type cast': conversion from 'LONG' to 'PIMAGE_NT_HEADERS' of greater size
C:\Users\migue\Qsync\SideProjects\Metin\MetinCurrentProject\MetinPythonLibV2\common\Patterns.cpp(191,10): warning C4477: 'printf' : format string '%S' requires an argument of type 'wchar_t *', but variadic argument 1 has type 'char *'
C:\Users\migue\Qsync\SideProjects\Metin\MetinCurrentProject\MetinPythonLibV2\common\Patterns.cpp(191,10): message : consider using '%hS' in the format string
C:\Users\migue\Qsync\SideProjects\Metin\MetinCurrentProject\MetinPythonLibV2\common\Patterns.cpp(191,10): message : consider using '%TS' in the format string
C:\Users\migue\Qsync\SideProjects\Metin\MetinCurrentProject\MetinPythonLibV2\common\Patterns.cpp(192,10): warning C4477: 'printf' : format string '%S' requires an argument of type 'wchar_t *', but variadic argument 1 has type 'char *'
C:\Users\migue\Qsync\SideProjects\Metin\MetinCurrentProject\MetinPythonLibV2\common\Patterns.cpp(192,10): message : consider using '%hS' in the format string
C:\Users\migue\Qsync\SideProjects\Metin\MetinCurrentProject\MetinPythonLibV2\common\Patterns.cpp(192,10): message : consider using '%TS' in the format string
C:\Users\migue\Qsync\SideProjects\Metin\MetinCurrentProject\MetinPythonLibV2\common\Patterns.cpp(196,69): warning C4311: 'type cast': pointer truncation from 'BYTE *' to 'DWORD'
C:\Users\migue\Qsync\SideProjects\Metin\MetinCurrentProject\MetinPythonLibV2\common\Patterns.cpp(196,69): warning C4302: 'type cast': truncation from 'BYTE *' to 'DWORD'
  utils.cpp
C:\Users\migue\Qsync\SideProjects\Metin\MetinCurrentProject\MetinPythonLibV2\common\utils.h(75,35): warning C4311: 'type cast': pointer truncation from 'void *' to 'DWORD'
C:\Users\migue\Qsync\SideProjects\Metin\MetinCurrentProject\MetinPythonLibV2\common\utils.h(75,35): warning C4302: 'type cast': truncation from 'void *' to 'DWORD'
C:\Users\migue\Qsync\SideProjects\Metin\MetinCurrentProject\MetinPythonLibV2\common\utils.h(76,36): warning C4312: 'type cast': conversion from 'DWORD' to 'DWORD *' of greater size
C:\Users\migue\Qsync\SideProjects\Metin\MetinCurrentProject\MetinPythonLibV2\common\utils.h(77,44): warning C4312: 'type cast': conversion from 'unsigned long' to 'void *' of greater size
C:\Users\migue\Qsync\SideProjects\Metin\MetinCurrentProject\MetinPythonLibV2\common\Config.h(2,10): fatal error C1083: Cannot open include file: 'VMProtectSDK.h': No such file or directory
  App.cpp
C:\Users\migue\Qsync\SideProjects\Metin\MetinCurrentProject\MetinPythonLibV2\MetinPythonLib\stdafx.h(11,10): fatal error C1083: Cannot open include file: 'Python.h': No such file or directory
  Assembler.cpp
C:\Users\migue\Qsync\SideProjects\Metin\MetinCurrentProject\MetinPythonLibV2\MetinPythonLib\Assembler.cpp(22,19): warning C4267: 'return': conversion from 'size_t' to 'int', possible loss of data
C:\Users\migue\Qsync\SideProjects\Metin\MetinCurrentProject\MetinPythonLibV2\MetinPythonLib\Assembler.cpp(39,13): error C2039: 'pushPOINTER': is not a member of 'Stack'
C:\Users\migue\Qsync\SideProjects\Metin\MetinCurrentProject\MetinPythonLibV2\MetinPythonLib\Assembler.h(10): message : see declaration of 'Stack'
C:\Users\migue\Qsync\SideProjects\Metin\MetinCurrentProject\MetinPythonLibV2\MetinPythonLib\Assembler.cpp(41,24): warning C4311: 'type cast': pointer truncation from 'void *' to 'DWORD'
C:\Users\migue\Qsync\SideProjects\Metin\MetinCurrentProject\MetinPythonLibV2\MetinPythonLib\Assembler.cpp(41,24): warning C4302: 'type cast': truncation from 'void *' to 'DWORD'
C:\Users\migue\Qsync\SideProjects\Metin\MetinCurrentProject\MetinPythonLibV2\MetinPythonLib\Assembler.cpp(41,2): error C3861: 'pushDWORD': identifier not found
C:\Users\migue\Qsync\SideProjects\Metin\MetinCurrentProject\MetinPythonLibV2\MetinPythonLib\Assembler.cpp(92,9): error C2039: 'pushPOINTER': is not a member of 'Stack'
C:\Users\migue\Qsync\SideProjects\Metin\MetinCurrentProject\MetinPythonLibV2\MetinPythonLib\Assembler.h(10): message : see declaration of 'Stack'
C:\Users\migue\Qsync\SideProjects\Metin\MetinCurrentProject\MetinPythonLibV2\MetinPythonLib\Assembler.cpp(98,9): error C2039: 'pushPOINTER': is not a member of 'Stack'
C:\Users\migue\Qsync\SideProjects\Metin\MetinCurrentProject\MetinPythonLibV2\MetinPythonLib\Assembler.h(10): message : see declaration of 'Stack'
C:\Users\migue\Qsync\SideProjects\Metin\MetinCurrentProject\MetinPythonLibV2\MetinPythonLib\Assembler.cpp(105,9): error C2039: 'pushPOINTER': is not a member of 'Stack'
C:\Users\migue\Qsync\SideProjects\Metin\MetinCurrentProject\MetinPythonLibV2\MetinPythonLib\Assembler.h(10): message : see declaration of 'Stack'
C:\Users\migue\Qsync\SideProjects\Metin\MetinCurrentProject\MetinPythonLibV2\MetinPythonLib\Assembler.cpp(112,9): error C2039: 'pushPOINTER': is not a member of 'Stack'
C:\Users\migue\Qsync\SideProjects\Metin\MetinCurrentProject\MetinPythonLibV2\MetinPythonLib\Assembler.h(10): message : see declaration of 'Stack'
C:\Users\migue\Qsync\SideProjects\Metin\MetinCurrentProject\MetinPythonLibV2\MetinPythonLib\Assembler.cpp(119,9): error C2039: 'pushPOINTER': is not a member of 'Stack'
C:\Users\migue\Qsync\SideProjects\Metin\MetinCurrentProject\MetinPythonLibV2\MetinPythonLib\Assembler.h(10): message : see declaration of 'Stack'
C:\Users\migue\Qsync\SideProjects\Metin\MetinCurrentProject\MetinPythonLibV2\MetinPythonLib\Assembler.cpp(126,9): error C2039: 'pushPOINTER': is not a member of 'Stack'
C:\Users\migue\Qsync\SideProjects\Metin\MetinCurrentProject\MetinPythonLibV2\MetinPythonLib\Assembler.h(10): message : see declaration of 'Stack'
C:\Users\migue\Qsync\SideProjects\Metin\MetinCurrentProject\MetinPythonLibV2\MetinPythonLib\Assembler.cpp(133,9): error C2039: 'pushPOINTER': is not a member of 'Stack'
C:\Users\migue\Qsync\SideProjects\Metin\MetinCurrentProject\MetinPythonLibV2\MetinPythonLib\Assembler.h(10): message : see declaration of 'Stack'
C:\Users\migue\Qsync\SideProjects\Metin\MetinCurrentProject\MetinPythonLibV2\MetinPythonLib\Assembler.cpp(140,9): error C2039: 'pushPOINTER': is not a member of 'Stack'
C:\Users\migue\Qsync\SideProjects\Metin\MetinCurrentProject\MetinPythonLibV2\MetinPythonLib\Assembler.h(10): message : see declaration of 'Stack'
C:\Users\migue\Qsync\SideProjects\Metin\MetinCurrentProject\MetinPythonLibV2\MetinPythonLib\Assembler.cpp(146,9): error C2039: 'pushPOINTER': is not a member of 'Stack'
C:\Users\migue\Qsync\SideProjects\Metin\MetinCurrentProject\MetinPythonLibV2\MetinPythonLib\Assembler.h(10): message : see declaration of 'Stack'
C:\Users\migue\Qsync\SideProjects\Metin\MetinCurrentProject\MetinPythonLibV2\MetinPythonLib\Assembler.cpp(153,9): error C2039: 'pushPOINTER': is not a member of 'Stack'
C:\Users\migue\Qsync\SideProjects\Metin\MetinCurrentProject\MetinPythonLibV2\MetinPythonLib\Assembler.h(10): message : see declaration of 'Stack'
C:\Users\migue\Qsync\SideProjects\Metin\MetinCurrentProject\MetinPythonLibV2\MetinPythonLib\Assembler.cpp(160,9): error C2039: 'pushPOINTER': is not a member of 'Stack'
C:\Users\migue\Qsync\SideProjects\Metin\MetinCurrentProject\MetinPythonLibV2\MetinPythonLib\Assembler.h(10): message : see declaration of 'Stack'
C:\Users\migue\Qsync\SideProjects\Metin\MetinCurrentProject\MetinPythonLibV2\MetinPythonLib\Assembler.cpp(167,9): error C2039: 'pushPOINTER': is not a member of 'Stack'
C:\Users\migue\Qsync\SideProjects\Metin\MetinCurrentProject\MetinPythonLibV2\MetinPythonLib\Assembler.h(10): message : see declaration of 'Stack'
C:\Users\migue\Qsync\SideProjects\Metin\MetinCurrentProject\MetinPythonLibV2\MetinPythonLib\Assembler.cpp(174,9): error C2039: 'pushPOINTER': is not a member of 'Stack'
C:\Users\migue\Qsync\SideProjects\Metin\MetinCurrentProject\MetinPythonLibV2\MetinPythonLib\Assembler.h(10): message : see declaration of 'Stack'
C:\Users\migue\Qsync\SideProjects\Metin\MetinCurrentProject\MetinPythonLibV2\MetinPythonLib\Assembler.cpp(181,9): error C2039: 'pushPOINTER': is not a member of 'Stack'
C:\Users\migue\Qsync\SideProjects\Metin\MetinCurrentProject\MetinPythonLibV2\MetinPythonLib\Assembler.h(10): message : see declaration of 'Stack'
C:\Users\migue\Qsync\SideProjects\Metin\MetinCurrentProject\MetinPythonLibV2\MetinPythonLib\Assembler.cpp(231,9): error C2039: 'pushPOINTER': is not a member of 'Stack'
C:\Users\migue\Qsync\SideProjects\Metin\MetinCurrentProject\MetinPythonLibV2\MetinPythonLib\Assembler.h(10): message : see declaration of 'Stack'
C:\Users\migue\Qsync\SideProjects\Metin\MetinCurrentProject\MetinPythonLibV2\MetinPythonLib\Assembler.cpp(238,9): error C2039: 'pushPOINTER': is not a member of 'Stack'
C:\Users\migue\Qsync\SideProjects\Metin\MetinCurrentProject\MetinPythonLibV2\MetinPythonLib\Assembler.h(10): message : see declaration of 'Stack'
C:\Users\migue\Qsync\SideProjects\Metin\MetinCurrentProject\MetinPythonLibV2\MetinPythonLib\Assembler.cpp(267,27): warning C4311: 'type cast': pointer truncation from 'void *' to 'DWORD'
C:\Users\migue\Qsync\SideProjects\Metin\MetinCurrentProject\MetinPythonLibV2\MetinPythonLib\Assembler.cpp(267,27): warning C4302: 'type cast': truncation from 'void *' to 'DWORD'
C:\Users\migue\Qsync\SideProjects\Metin\MetinCurrentProject\MetinPythonLibV2\MetinPythonLib\Assembler.cpp(267,47): warning C4311: 'type cast': pointer truncation from 'void *' to 'DWORD'
C:\Users\migue\Qsync\SideProjects\Metin\MetinCurrentProject\MetinPythonLibV2\MetinPythonLib\Assembler.cpp(267,47): warning C4302: 'type cast': truncation from 'void *' to 'DWORD'
  Background.cpp
C:\Users\migue\Qsync\SideProjects\Metin\MetinCurrentProject\MetinPythonLibV2\MetinPythonLib\stdafx.h(11,10): fatal error C1083: Cannot open include file: 'Python.h': No such file or directory
  CAddressLoader.cpp
C:\Users\migue\Qsync\SideProjects\Metin\MetinCurrentProject\MetinPythonLibV2\MetinPythonLib\stdafx.h(11,10): fatal error C1083: Cannot open include file: 'Python.h': No such file or directory
  Communication.cpp
C:\Users\migue\Qsync\SideProjects\Metin\MetinCurrentProject\MetinPythonLibV2\MetinPythonLib\stdafx.h(11,10): fatal error C1083: Cannot open include file: 'Python.h': No such file or directory
  InstanceManager.cpp
C:\Users\migue\Qsync\SideProjects\Metin\MetinCurrentProject\MetinPythonLibV2\MetinPythonLib\stdafx.h(11,10): fatal error C1083: Cannot open include file: 'Python.h': No such file or directory
  MemoryPatch.cpp
C:\Users\migue\Qsync\SideProjects\Metin\MetinCurrentProject\MetinPythonLibV2\MetinPythonLib\stdafx.h(11,10): fatal error C1083: Cannot open include file: 'Python.h': No such file or directory
  Player.cpp
C:\Users\migue\Qsync\SideProjects\Metin\MetinCurrentProject\MetinPythonLibV2\MetinPythonLib\stdafx.h(11,10): fatal error C1083: Cannot open include file: 'Python.h': No such file or directory
  NetworkStream.cpp
C:\Users\migue\Qsync\SideProjects\Metin\MetinCurrentProject\MetinPythonLibV2\MetinPythonLib\stdafx.h(11,10): fatal error C1083: Cannot open include file: 'Python.h': No such file or directory
  Hook.cpp
C:\Users\migue\Qsync\SideProjects\Metin\MetinCurrentProject\MetinPythonLibV2\MetinPythonLib\stdafx.h(11,10): fatal error C1083: Cannot open include file: 'Python.h': No such file or directory
  JMPMidFuncHook.cpp
C:\Users\migue\Qsync\SideProjects\Metin\MetinCurrentProject\MetinPythonLibV2\MetinPythonLib\stdafx.h(11,10): fatal error C1083: Cannot open include file: 'Python.h': No such file or directory
  JMPStartFuncHook.cpp
C:\Users\migue\Qsync\SideProjects\Metin\MetinCurrentProject\MetinPythonLibV2\MetinPythonLib\stdafx.h(11,10): fatal error C1083: Cannot open include file: 'Python.h': No such file or directory
  main.cpp
C:\Users\migue\Qsync\SideProjects\Metin\MetinCurrentProject\MetinPythonLibV2\MetinPythonLib\stdafx.h(11,10): fatal error C1083: Cannot open include file: 'Python.h': No such file or directory
  MapCollision.cpp
C:\Users\migue\Qsync\SideProjects\Metin\MetinCurrentProject\MetinPythonLibV2\MetinPythonLib\stdafx.h(11,10): fatal error C1083: Cannot open include file: 'Python.h': No such file or directory
  Memory.cpp
C:\Users\migue\Qsync\SideProjects\Metin\MetinCurrentProject\MetinPythonLibV2\MetinPythonLib\stdafx.h(11,10): fatal error C1083: Cannot open include file: 'Python.h': No such file or directory
  PythonModule.cpp
C:\Users\migue\Qsync\SideProjects\Metin\MetinCurrentProject\MetinPythonLibV2\MetinPythonLib\stdafx.h(11,10): fatal error C1083: Cannot open include file: 'Python.h': No such file or directory
  PythonUtils.cpp
C:\Users\migue\Qsync\SideProjects\Metin\MetinCurrentProject\MetinPythonLibV2\MetinPythonLib\stdafx.h(11,10): fatal error C1083: Cannot open include file: 'Python.h': No such file or directory
  ReturnHook.cpp
C:\Users\migue\Qsync\SideProjects\Metin\MetinCurrentProject\MetinPythonLibV2\MetinPythonLib\stdafx.h(11,10): fatal error C1083: Cannot open include file: 'Python.h': No such file or directory
  Generating Code...
  Compiling...
  SleepFunctionHook.cpp
C:\Users\migue\Qsync\SideProjects\Metin\MetinCurrentProject\MetinPythonLibV2\MetinPythonLib\stdafx.h(11,10): fatal error C1083: Cannot open include file: 'Python.h': No such file or directory
  stdafx.cpp
C:\Users\migue\Qsync\SideProjects\Metin\MetinCurrentProject\MetinPythonLibV2\MetinPythonLib\stdafx.h(11,10): fatal error C1083: Cannot open include file: 'Python.h': No such file or directory
  WebsocketHandler.cpp
C:\Users\migue\Qsync\SideProjects\Metin\MetinCurrentProject\MetinPythonLibV2\MetinPythonLib\stdafx.h(11,10): fatal error C1083: Cannot open include file: 'Python.h': No such file or directory
  Generating Code...
